#
# There is insufficient memory for the Java Runtime Environment to continue.
# Native memory allocation (malloc) failed to allocate 38512 bytes for Chunk::new
# Possible reasons:
#   The system is out of physical RAM or swap space
#   The process is running with CompressedOops enabled, and the Java Heap may be blocking the growth of the native heap
# Possible solutions:
#   Reduce memory load on the system
#   Increase physical memory or swap space
#   Check if swap backing store is full
#   Decrease Java heap size (-Xmx/-Xms)
#   Decrease number of Java threads
#   Decrease Java thread stack sizes (-Xss)
#   Set larger code cache with -XX:ReservedCodeCacheSize=
#   JVM is running with Unscaled Compressed Oops mode in which the Java heap is
#     placed in the first 4GB address space. The Java Heap base address is the
#     maximum limit for the native heap growth. Please use -XX:HeapBaseMinAddress
#     to set the Java Heap base and to place the Java Heap above 4GB virtual address.
# This output file may be truncated or incomplete.
#
#  Out of Memory Error (arena.cpp:168), pid=28400, tid=11040
#
# JRE version: Java(TM) SE Runtime Environment (21.0.5+9) (build 21.0.5+9-LTS-239)
# Java VM: Java HotSpot(TM) 64-Bit Server VM (21.0.5+9-LTS-239, mixed mode, sharing, tiered, compressed oops, compressed class ptrs, g1 gc, windows-amd64)
# No core dump will be written. Minidumps are not enabled by default on client versions of Windows
#

---------------  S U M M A R Y ------------

Command Line: -javaagent:C:\Program Files\JetBrains\IntelliJ IDEA Community Edition 2025.1.2\lib\idea_rt.jar=58028 -Dfile.encoding=UTF-8 -Dsun.stdout.encoding=UTF-8 -Dsun.stderr.encoding=UTF-8 com.ZAP_Backend.ZapServices.ZapServicesApplication

Host: AMD Ryzen 5 3550H with Radeon Vega Mobile Gfx  , 8 cores, 5G,  Windows 10 , 64 bit Build 19041 (10.0.19041.5794)
Time: Sun Jun 22 13:04:49 2025 India Standard Time elapsed time: 3.908541 seconds (0d 0h 0m 3s)

---------------  T H R E A D  ---------------

Current thread (0x00000128b9904e10):  JavaThread "C2 CompilerThread0" daemon [_thread_in_native, id=11040, stack(0x0000001ee6b00000,0x0000001ee6c00000) (1024K)]


Current CompileTask:
C2:   3908 1687       4       org.springframework.boot.context.config.ConfigDataEnvironmentContributor$ContributorIterator::fetchIfNecessary (153 bytes)

Stack: [0x0000001ee6b00000,0x0000001ee6c00000]
Native frames: (J=compiled Java code, j=interpreted, Vv=VM code, C=native code)
V  [jvm.dll+0x6ca289]
V  [jvm.dll+0x854a51]
V  [jvm.dll+0x856f7e]
V  [jvm.dll+0x857653]
V  [jvm.dll+0x27dd26]
V  [jvm.dll+0xc4c2d]
V  [jvm.dll+0xc5163]
V  [jvm.dll+0x5f4fb4]
V  [jvm.dll+0x24f882]
V  [jvm.dll+0x247fae]
V  [jvm.dll+0x245de4]
V  [jvm.dll+0x1c6d0e]
V  [jvm.dll+0x2554d9]
V  [jvm.dll+0x253a6a]
V  [jvm.dll+0x3ee136]
V  [jvm.dll+0x7fee9b]
V  [jvm.dll+0x6c896d]
C  [ucrtbase.dll+0x21bb2]
C  [KERNEL32.DLL+0x17374]
C  [ntdll.dll+0x4cc91]


---------------  P R O C E S S  ---------------

Threads class SMR info:
_java_thread_list=0x00000128ff2d3c10, length=14, elements={
0x000001289d988b70, 0x00000128b98fbb20, 0x00000128b98fe580, 0x00000128b9900190,
0x00000128b9900be0, 0x00000128b9901630, 0x00000128b9904090, 0x00000128b9904e10,
0x00000128b9906040, 0x00000128b98d1100, 0x00000128b9e4d2b0, 0x00000128b9e4d910,
0x00000128ff64c2b0, 0x00000128ff344150
}

Java Threads: ( => current thread )
  0x000001289d988b70 JavaThread "main"                              [_thread_blocked, id=3984, stack(0x0000001ee5d00000,0x0000001ee5e00000) (1024K)]
  0x00000128b98fbb20 JavaThread "Reference Handler"          daemon [_thread_blocked, id=812, stack(0x0000001ee6500000,0x0000001ee6600000) (1024K)]
  0x00000128b98fe580 JavaThread "Finalizer"                  daemon [_thread_blocked, id=34348, stack(0x0000001ee6600000,0x0000001ee6700000) (1024K)]
  0x00000128b9900190 JavaThread "Signal Dispatcher"          daemon [_thread_blocked, id=17452, stack(0x0000001ee6700000,0x0000001ee6800000) (1024K)]
  0x00000128b9900be0 JavaThread "Attach Listener"            daemon [_thread_blocked, id=16600, stack(0x0000001ee6800000,0x0000001ee6900000) (1024K)]
  0x00000128b9901630 JavaThread "Service Thread"             daemon [_thread_blocked, id=30736, stack(0x0000001ee6900000,0x0000001ee6a00000) (1024K)]
  0x00000128b9904090 JavaThread "Monitor Deflation Thread"   daemon [_thread_blocked, id=16508, stack(0x0000001ee6a00000,0x0000001ee6b00000) (1024K)]
=>0x00000128b9904e10 JavaThread "C2 CompilerThread0"         daemon [_thread_in_native, id=11040, stack(0x0000001ee6b00000,0x0000001ee6c00000) (1024K)]
  0x00000128b9906040 JavaThread "C1 CompilerThread0"         daemon [_thread_blocked, id=25672, stack(0x0000001ee6c00000,0x0000001ee6d00000) (1024K)]
  0x00000128b98d1100 JavaThread "Common-Cleaner"             daemon [_thread_blocked, id=9936, stack(0x0000001ee6d00000,0x0000001ee6e00000) (1024K)]
  0x00000128b9e4d2b0 JavaThread "Monitor Ctrl-Break"         daemon [_thread_in_native, id=30052, stack(0x0000001ee6e00000,0x0000001ee6f00000) (1024K)]
  0x00000128b9e4d910 JavaThread "Notification Thread"        daemon [_thread_blocked, id=19364, stack(0x0000001ee6f00000,0x0000001ee7000000) (1024K)]
  0x00000128ff64c2b0 JavaThread "Thread-0"                          [_thread_blocked, id=2692, stack(0x0000001ee7000000,0x0000001ee7100000) (1024K)]
  0x00000128ff344150 JavaThread "restartedMain"                     [_thread_in_Java, id=34728, stack(0x0000001ee7100000,0x0000001ee7200000) (1024K)]
Total: 14

Other Threads:
  0x00000128b98e0ee0 VMThread "VM Thread"                           [id=16432, stack(0x0000001ee6400000,0x0000001ee6500000) (1024K)]
  0x00000128b98cf660 WatcherThread "VM Periodic Task Thread"        [id=26700, stack(0x0000001ee6300000,0x0000001ee6400000) (1024K)]
  0x000001289d9d03b0 WorkerThread "GC Thread#0"                     [id=16192, stack(0x0000001ee5e00000,0x0000001ee5f00000) (1024K)]
  0x00000128ff45c220 WorkerThread "GC Thread#1"                     [id=21028, stack(0x0000001ee7200000,0x0000001ee7300000) (1024K)]
  0x00000128ff766af0 WorkerThread "GC Thread#2"                     [id=31020, stack(0x0000001ee7300000,0x0000001ee7400000) (1024K)]
  0x00000128ff789430 WorkerThread "GC Thread#3"                     [id=14052, stack(0x0000001ee7400000,0x0000001ee7500000) (1024K)]
  0x00000128ff78a3e0 WorkerThread "GC Thread#4"                     [id=14184, stack(0x0000001ee7500000,0x0000001ee7600000) (1024K)]
  0x00000128ff7acd50 WorkerThread "GC Thread#5"                     [id=14956, stack(0x0000001ee7600000,0x0000001ee7700000) (1024K)]
  0x000001289d9dcfd0 ConcurrentGCThread "G1 Main Marker"            [id=23776, stack(0x0000001ee5f00000,0x0000001ee6000000) (1024K)]
  0x000001289d9ddad0 WorkerThread "G1 Conc#0"                       [id=24468, stack(0x0000001ee6000000,0x0000001ee6100000) (1024K)]
  0x00000128b97a09e0 ConcurrentGCThread "G1 Refine#0"               [id=34892, stack(0x0000001ee6100000,0x0000001ee6200000) (1024K)]
  0x00000128b97a1550 ConcurrentGCThread "G1 Service"                [id=10508, stack(0x0000001ee6200000,0x0000001ee6300000) (1024K)]
Total: 12

Threads with active compile tasks:
C2 CompilerThread0     3937 1687       4       org.springframework.boot.context.config.ConfigDataEnvironmentContributor$ContributorIterator::fetchIfNecessary (153 bytes)
Total: 1

VM state: not at safepoint (normal execution)

VM Mutex/Monitor currently owned by a thread: None

Heap address: 0x00000000a1e00000, size: 1506 MB, Compressed Oops mode: 32-bit

CDS archive(s) mapped at: [0x00000128ba000000-0x00000128bac90000-0x00000128bac90000), size 13172736, SharedBaseAddress: 0x00000128ba000000, ArchiveRelocationMode: 1.
Compressed class space mapped at: 0x00000128bb000000-0x00000128fb000000, reserved size: 1073741824
Narrow klass base: 0x00000128ba000000, Narrow klass shift: 0, Narrow klass range: 0x100000000

GC Precious Log:
 CardTable entry size: 512
 Card Set container configuration: InlinePtr #cards 5 size 8 Array Of Cards #cards 12 size 40 Howl #buckets 4 coarsen threshold 1843 Howl Bitmap #cards 512 size 80 coarsen threshold 460 Card regions per heap region 1 cards per card region 2048
 CPUs: 8 total, 8 available
 Memory: 6021M
 Large Page Support: Disabled
 NUMA Support: Disabled
 Compressed Oops: Enabled (32-bit)
 Heap Region Size: 1M
 Heap Min Capacity: 8M
 Heap Initial Capacity: 96M
 Heap Max Capacity: 1506M
 Pre-touch: Disabled
 Parallel Workers: 8
 Concurrent Workers: 2
 Concurrent Refinement Workers: 8
 Periodic GC: Disabled

Heap:
 garbage-first heap   total 98304K, used 19456K [0x00000000a1e00000, 0x0000000100000000)
  region size 1024K, 16 young (16384K), 3 survivors (3072K)
 Metaspace       used 9037K, committed 9344K, reserved 1114112K
  class space    used 1095K, committed 1280K, reserved 1048576K

Heap Regions: E=young(eden), S=young(survivor), O=old, HS=humongous(starts), HC=humongous(continues), CS=collection set, F=free, TAMS=top-at-mark-start, PB=parsable bottom
|   0|0x00000000a1e00000, 0x00000000a1f00000, 0x00000000a1f00000|100%|HS|  |TAMS 0x00000000a1e00000| PB 0x00000000a1e00000| Complete 
|   1|0x00000000a1f00000, 0x00000000a2000000, 0x00000000a2000000|100%|HS|  |TAMS 0x00000000a1f00000| PB 0x00000000a1f00000| Complete 
|   2|0x00000000a2000000, 0x00000000a2100000, 0x00000000a2100000|100%| O|  |TAMS 0x00000000a2000000| PB 0x00000000a2000000| Untracked 
|   3|0x00000000a2100000, 0x00000000a2200000, 0x00000000a2200000|100%| O|  |TAMS 0x00000000a2100000| PB 0x00000000a2100000| Untracked 
|   4|0x00000000a2200000, 0x00000000a2200000, 0x00000000a2300000|  0%| F|  |TAMS 0x00000000a2200000| PB 0x00000000a2200000| Untracked 
|   5|0x00000000a2300000, 0x00000000a2300000, 0x00000000a2400000|  0%| F|  |TAMS 0x00000000a2300000| PB 0x00000000a2300000| Untracked 
|   6|0x00000000a2400000, 0x00000000a2400000, 0x00000000a2500000|  0%| F|  |TAMS 0x00000000a2400000| PB 0x00000000a2400000| Untracked 
|   7|0x00000000a2500000, 0x00000000a2500000, 0x00000000a2600000|  0%| F|  |TAMS 0x00000000a2500000| PB 0x00000000a2500000| Untracked 
|   8|0x00000000a2600000, 0x00000000a2600000, 0x00000000a2700000|  0%| F|  |TAMS 0x00000000a2600000| PB 0x00000000a2600000| Untracked 
|   9|0x00000000a2700000, 0x00000000a2700000, 0x00000000a2800000|  0%| F|  |TAMS 0x00000000a2700000| PB 0x00000000a2700000| Untracked 
|  10|0x00000000a2800000, 0x00000000a2800000, 0x00000000a2900000|  0%| F|  |TAMS 0x00000000a2800000| PB 0x00000000a2800000| Untracked 
|  11|0x00000000a2900000, 0x00000000a2900000, 0x00000000a2a00000|  0%| F|  |TAMS 0x00000000a2900000| PB 0x00000000a2900000| Untracked 
|  12|0x00000000a2a00000, 0x00000000a2a00000, 0x00000000a2b00000|  0%| F|  |TAMS 0x00000000a2a00000| PB 0x00000000a2a00000| Untracked 
|  13|0x00000000a2b00000, 0x00000000a2b00000, 0x00000000a2c00000|  0%| F|  |TAMS 0x00000000a2b00000| PB 0x00000000a2b00000| Untracked 
|  14|0x00000000a2c00000, 0x00000000a2c00000, 0x00000000a2d00000|  0%| F|  |TAMS 0x00000000a2c00000| PB 0x00000000a2c00000| Untracked 
|  15|0x00000000a2d00000, 0x00000000a2d00000, 0x00000000a2e00000|  0%| F|  |TAMS 0x00000000a2d00000| PB 0x00000000a2d00000| Untracked 
|  16|0x00000000a2e00000, 0x00000000a2e00000, 0x00000000a2f00000|  0%| F|  |TAMS 0x00000000a2e00000| PB 0x00000000a2e00000| Untracked 
|  17|0x00000000a2f00000, 0x00000000a2f00000, 0x00000000a3000000|  0%| F|  |TAMS 0x00000000a2f00000| PB 0x00000000a2f00000| Untracked 
|  18|0x00000000a3000000, 0x00000000a3000000, 0x00000000a3100000|  0%| F|  |TAMS 0x00000000a3000000| PB 0x00000000a3000000| Untracked 
|  19|0x00000000a3100000, 0x00000000a3100000, 0x00000000a3200000|  0%| F|  |TAMS 0x00000000a3100000| PB 0x00000000a3100000| Untracked 
|  20|0x00000000a3200000, 0x00000000a3200000, 0x00000000a3300000|  0%| F|  |TAMS 0x00000000a3200000| PB 0x00000000a3200000| Untracked 
|  21|0x00000000a3300000, 0x00000000a3300000, 0x00000000a3400000|  0%| F|  |TAMS 0x00000000a3300000| PB 0x00000000a3300000| Untracked 
|  22|0x00000000a3400000, 0x00000000a3400000, 0x00000000a3500000|  0%| F|  |TAMS 0x00000000a3400000| PB 0x00000000a3400000| Untracked 
|  23|0x00000000a3500000, 0x00000000a3500000, 0x00000000a3600000|  0%| F|  |TAMS 0x00000000a3500000| PB 0x00000000a3500000| Untracked 
|  24|0x00000000a3600000, 0x00000000a3600000, 0x00000000a3700000|  0%| F|  |TAMS 0x00000000a3600000| PB 0x00000000a3600000| Untracked 
|  25|0x00000000a3700000, 0x00000000a3700000, 0x00000000a3800000|  0%| F|  |TAMS 0x00000000a3700000| PB 0x00000000a3700000| Untracked 
|  26|0x00000000a3800000, 0x00000000a3800000, 0x00000000a3900000|  0%| F|  |TAMS 0x00000000a3800000| PB 0x00000000a3800000| Untracked 
|  27|0x00000000a3900000, 0x00000000a3900000, 0x00000000a3a00000|  0%| F|  |TAMS 0x00000000a3900000| PB 0x00000000a3900000| Untracked 
|  28|0x00000000a3a00000, 0x00000000a3a00000, 0x00000000a3b00000|  0%| F|  |TAMS 0x00000000a3a00000| PB 0x00000000a3a00000| Untracked 
|  29|0x00000000a3b00000, 0x00000000a3b00000, 0x00000000a3c00000|  0%| F|  |TAMS 0x00000000a3b00000| PB 0x00000000a3b00000| Untracked 
|  30|0x00000000a3c00000, 0x00000000a3c00000, 0x00000000a3d00000|  0%| F|  |TAMS 0x00000000a3c00000| PB 0x00000000a3c00000| Untracked 
|  31|0x00000000a3d00000, 0x00000000a3d00000, 0x00000000a3e00000|  0%| F|  |TAMS 0x00000000a3d00000| PB 0x00000000a3d00000| Untracked 
|  32|0x00000000a3e00000, 0x00000000a3e00000, 0x00000000a3f00000|  0%| F|  |TAMS 0x00000000a3e00000| PB 0x00000000a3e00000| Untracked 
|  33|0x00000000a3f00000, 0x00000000a3f00000, 0x00000000a4000000|  0%| F|  |TAMS 0x00000000a3f00000| PB 0x00000000a3f00000| Untracked 
|  34|0x00000000a4000000, 0x00000000a4000000, 0x00000000a4100000|  0%| F|  |TAMS 0x00000000a4000000| PB 0x00000000a4000000| Untracked 
|  35|0x00000000a4100000, 0x00000000a4100000, 0x00000000a4200000|  0%| F|  |TAMS 0x00000000a4100000| PB 0x00000000a4100000| Untracked 
|  36|0x00000000a4200000, 0x00000000a4200000, 0x00000000a4300000|  0%| F|  |TAMS 0x00000000a4200000| PB 0x00000000a4200000| Untracked 
|  37|0x00000000a4300000, 0x00000000a4300000, 0x00000000a4400000|  0%| F|  |TAMS 0x00000000a4300000| PB 0x00000000a4300000| Untracked 
|  38|0x00000000a4400000, 0x00000000a4400000, 0x00000000a4500000|  0%| F|  |TAMS 0x00000000a4400000| PB 0x00000000a4400000| Untracked 
|  39|0x00000000a4500000, 0x00000000a4500000, 0x00000000a4600000|  0%| F|  |TAMS 0x00000000a4500000| PB 0x00000000a4500000| Untracked 
|  40|0x00000000a4600000, 0x00000000a4600000, 0x00000000a4700000|  0%| F|  |TAMS 0x00000000a4600000| PB 0x00000000a4600000| Untracked 
|  41|0x00000000a4700000, 0x00000000a4700000, 0x00000000a4800000|  0%| F|  |TAMS 0x00000000a4700000| PB 0x00000000a4700000| Untracked 
|  42|0x00000000a4800000, 0x00000000a4800000, 0x00000000a4900000|  0%| F|  |TAMS 0x00000000a4800000| PB 0x00000000a4800000| Untracked 
|  43|0x00000000a4900000, 0x00000000a4900000, 0x00000000a4a00000|  0%| F|  |TAMS 0x00000000a4900000| PB 0x00000000a4900000| Untracked 
|  44|0x00000000a4a00000, 0x00000000a4a00000, 0x00000000a4b00000|  0%| F|  |TAMS 0x00000000a4a00000| PB 0x00000000a4a00000| Untracked 
|  45|0x00000000a4b00000, 0x00000000a4b00000, 0x00000000a4c00000|  0%| F|  |TAMS 0x00000000a4b00000| PB 0x00000000a4b00000| Untracked 
|  46|0x00000000a4c00000, 0x00000000a4c00000, 0x00000000a4d00000|  0%| F|  |TAMS 0x00000000a4c00000| PB 0x00000000a4c00000| Untracked 
|  47|0x00000000a4d00000, 0x00000000a4d00000, 0x00000000a4e00000|  0%| F|  |TAMS 0x00000000a4d00000| PB 0x00000000a4d00000| Untracked 
|  48|0x00000000a4e00000, 0x00000000a4e00000, 0x00000000a4f00000|  0%| F|  |TAMS 0x00000000a4e00000| PB 0x00000000a4e00000| Untracked 
|  49|0x00000000a4f00000, 0x00000000a4f00000, 0x00000000a5000000|  0%| F|  |TAMS 0x00000000a4f00000| PB 0x00000000a4f00000| Untracked 
|  50|0x00000000a5000000, 0x00000000a5000000, 0x00000000a5100000|  0%| F|  |TAMS 0x00000000a5000000| PB 0x00000000a5000000| Untracked 
|  51|0x00000000a5100000, 0x00000000a5100000, 0x00000000a5200000|  0%| F|  |TAMS 0x00000000a5100000| PB 0x00000000a5100000| Untracked 
|  52|0x00000000a5200000, 0x00000000a5200000, 0x00000000a5300000|  0%| F|  |TAMS 0x00000000a5200000| PB 0x00000000a5200000| Untracked 
|  53|0x00000000a5300000, 0x00000000a5300000, 0x00000000a5400000|  0%| F|  |TAMS 0x00000000a5300000| PB 0x00000000a5300000| Untracked 
|  54|0x00000000a5400000, 0x00000000a5400000, 0x00000000a5500000|  0%| F|  |TAMS 0x00000000a5400000| PB 0x00000000a5400000| Untracked 
|  55|0x00000000a5500000, 0x00000000a5500000, 0x00000000a5600000|  0%| F|  |TAMS 0x00000000a5500000| PB 0x00000000a5500000| Untracked 
|  56|0x00000000a5600000, 0x00000000a5600000, 0x00000000a5700000|  0%| F|  |TAMS 0x00000000a5600000| PB 0x00000000a5600000| Untracked 
|  57|0x00000000a5700000, 0x00000000a5700000, 0x00000000a5800000|  0%| F|  |TAMS 0x00000000a5700000| PB 0x00000000a5700000| Untracked 
|  58|0x00000000a5800000, 0x00000000a5800000, 0x00000000a5900000|  0%| F|  |TAMS 0x00000000a5800000| PB 0x00000000a5800000| Untracked 
|  59|0x00000000a5900000, 0x00000000a5900000, 0x00000000a5a00000|  0%| F|  |TAMS 0x00000000a5900000| PB 0x00000000a5900000| Untracked 
|  60|0x00000000a5a00000, 0x00000000a5a00000, 0x00000000a5b00000|  0%| F|  |TAMS 0x00000000a5a00000| PB 0x00000000a5a00000| Untracked 
|  61|0x00000000a5b00000, 0x00000000a5b00000, 0x00000000a5c00000|  0%| F|  |TAMS 0x00000000a5b00000| PB 0x00000000a5b00000| Untracked 
|  62|0x00000000a5c00000, 0x00000000a5c00000, 0x00000000a5d00000|  0%| F|  |TAMS 0x00000000a5c00000| PB 0x00000000a5c00000| Untracked 
|  63|0x00000000a5d00000, 0x00000000a5d00000, 0x00000000a5e00000|  0%| F|  |TAMS 0x00000000a5d00000| PB 0x00000000a5d00000| Untracked 
|  64|0x00000000a5e00000, 0x00000000a5e00000, 0x00000000a5f00000|  0%| F|  |TAMS 0x00000000a5e00000| PB 0x00000000a5e00000| Untracked 
|  65|0x00000000a5f00000, 0x00000000a5f00000, 0x00000000a6000000|  0%| F|  |TAMS 0x00000000a5f00000| PB 0x00000000a5f00000| Untracked 
|  66|0x00000000a6000000, 0x00000000a6000000, 0x00000000a6100000|  0%| F|  |TAMS 0x00000000a6000000| PB 0x00000000a6000000| Untracked 
|  67|0x00000000a6100000, 0x00000000a6100000, 0x00000000a6200000|  0%| F|  |TAMS 0x00000000a6100000| PB 0x00000000a6100000| Untracked 
|  68|0x00000000a6200000, 0x00000000a6200000, 0x00000000a6300000|  0%| F|  |TAMS 0x00000000a6200000| PB 0x00000000a6200000| Untracked 
|  69|0x00000000a6300000, 0x00000000a6300000, 0x00000000a6400000|  0%| F|  |TAMS 0x00000000a6300000| PB 0x00000000a6300000| Untracked 
|  70|0x00000000a6400000, 0x00000000a6500000, 0x00000000a6500000|100%| S|CS|TAMS 0x00000000a6400000| PB 0x00000000a6400000| Complete 
|  71|0x00000000a6500000, 0x00000000a6600000, 0x00000000a6600000|100%| S|CS|TAMS 0x00000000a6500000| PB 0x00000000a6500000| Complete 
|  72|0x00000000a6600000, 0x00000000a6700000, 0x00000000a6700000|100%| S|CS|TAMS 0x00000000a6600000| PB 0x00000000a6600000| Complete 
|  73|0x00000000a6700000, 0x00000000a6700000, 0x00000000a6800000|  0%| F|  |TAMS 0x00000000a6700000| PB 0x00000000a6700000| Untracked 
|  74|0x00000000a6800000, 0x00000000a6800000, 0x00000000a6900000|  0%| F|  |TAMS 0x00000000a6800000| PB 0x00000000a6800000| Untracked 
|  75|0x00000000a6900000, 0x00000000a6900000, 0x00000000a6a00000|  0%| F|  |TAMS 0x00000000a6900000| PB 0x00000000a6900000| Untracked 
|  76|0x00000000a6a00000, 0x00000000a6a00000, 0x00000000a6b00000|  0%| F|  |TAMS 0x00000000a6a00000| PB 0x00000000a6a00000| Untracked 
|  77|0x00000000a6b00000, 0x00000000a6b00000, 0x00000000a6c00000|  0%| F|  |TAMS 0x00000000a6b00000| PB 0x00000000a6b00000| Untracked 
|  78|0x00000000a6c00000, 0x00000000a6c00000, 0x00000000a6d00000|  0%| F|  |TAMS 0x00000000a6c00000| PB 0x00000000a6c00000| Untracked 
|  79|0x00000000a6d00000, 0x00000000a6d00000, 0x00000000a6e00000|  0%| F|  |TAMS 0x00000000a6d00000| PB 0x00000000a6d00000| Untracked 
|  80|0x00000000a6e00000, 0x00000000a6e00000, 0x00000000a6f00000|  0%| F|  |TAMS 0x00000000a6e00000| PB 0x00000000a6e00000| Untracked 
|  81|0x00000000a6f00000, 0x00000000a6f00000, 0x00000000a7000000|  0%| F|  |TAMS 0x00000000a6f00000| PB 0x00000000a6f00000| Untracked 
|  82|0x00000000a7000000, 0x00000000a7000000, 0x00000000a7100000|  0%| F|  |TAMS 0x00000000a7000000| PB 0x00000000a7000000| Untracked 
|  83|0x00000000a7100000, 0x00000000a71b1d28, 0x00000000a7200000| 69%| E|  |TAMS 0x00000000a7100000| PB 0x00000000a7100000| Complete 
|  84|0x00000000a7200000, 0x00000000a7300000, 0x00000000a7300000|100%| E|CS|TAMS 0x00000000a7200000| PB 0x00000000a7200000| Complete 
|  85|0x00000000a7300000, 0x00000000a7400000, 0x00000000a7400000|100%| E|CS|TAMS 0x00000000a7300000| PB 0x00000000a7300000| Complete 
|  86|0x00000000a7400000, 0x00000000a7500000, 0x00000000a7500000|100%| E|CS|TAMS 0x00000000a7400000| PB 0x00000000a7400000| Complete 
|  87|0x00000000a7500000, 0x00000000a7600000, 0x00000000a7600000|100%| E|CS|TAMS 0x00000000a7500000| PB 0x00000000a7500000| Complete 
|  88|0x00000000a7600000, 0x00000000a7700000, 0x00000000a7700000|100%| E|CS|TAMS 0x00000000a7600000| PB 0x00000000a7600000| Complete 
|  89|0x00000000a7700000, 0x00000000a7800000, 0x00000000a7800000|100%| E|CS|TAMS 0x00000000a7700000| PB 0x00000000a7700000| Complete 
|  90|0x00000000a7800000, 0x00000000a7900000, 0x00000000a7900000|100%| E|CS|TAMS 0x00000000a7800000| PB 0x00000000a7800000| Complete 
|  91|0x00000000a7900000, 0x00000000a7a00000, 0x00000000a7a00000|100%| E|CS|TAMS 0x00000000a7900000| PB 0x00000000a7900000| Complete 
|  92|0x00000000a7a00000, 0x00000000a7b00000, 0x00000000a7b00000|100%| E|CS|TAMS 0x00000000a7a00000| PB 0x00000000a7a00000| Complete 
|  93|0x00000000a7b00000, 0x00000000a7c00000, 0x00000000a7c00000|100%| E|CS|TAMS 0x00000000a7b00000| PB 0x00000000a7b00000| Complete 
|  94|0x00000000a7c00000, 0x00000000a7d00000, 0x00000000a7d00000|100%| E|CS|TAMS 0x00000000a7c00000| PB 0x00000000a7c00000| Complete 
|  95|0x00000000a7d00000, 0x00000000a7e00000, 0x00000000a7e00000|100%| E|CS|TAMS 0x00000000a7d00000| PB 0x00000000a7d00000| Complete 

Card table byte_map: [0x00000128b5430000,0x00000128b5730000] _byte_map_base: 0x00000128b4f21000

Marking Bits: (CMBitMap*) 0x000001289d9d0ab0
 Bits: [0x00000128b5730000, 0x00000128b6eb8000)

Polling page: 0x000001289d140000

Metaspace:

Usage:
  Non-class:      7.77 MB used.
      Class:      1.07 MB used.
       Both:      8.84 MB used.

Virtual space:
  Non-class space:       64.00 MB reserved,       8.00 MB ( 12%) committed,  1 nodes.
      Class space:        1.00 GB reserved,       1.25 MB ( <1%) committed,  1 nodes.
             Both:        1.06 GB reserved,       9.25 MB ( <1%) committed. 

Chunk freelists:
   Non-Class:  7.55 MB
       Class:  14.67 MB
        Both:  22.22 MB

MaxMetaspaceSize: unlimited
CompressedClassSpaceSize: 1.00 GB
Initial GC threshold: 21.00 MB
Current GC threshold: 21.00 MB
CDS: on
 - commit_granule_bytes: 65536.
 - commit_granule_words: 8192.
 - virtual_space_node_default_size: 8388608.
 - enlarge_chunks_in_place: 1.
 - use_allocation_guard: 0.


Internal statistics:

num_allocs_failed_limit: 0.
num_arena_births: 328.
num_arena_deaths: 0.
num_vsnodes_births: 2.
num_vsnodes_deaths: 0.
num_space_committed: 148.
num_space_uncommitted: 0.
num_chunks_returned_to_freelist: 0.
num_chunks_taken_from_freelist: 650.
num_chunk_merges: 0.
num_chunk_splits: 390.
num_chunks_enlarged: 221.
num_inconsistent_stats: 0.

CodeHeap 'non-profiled nmethods': size=120000Kb used=598Kb max_used=598Kb free=119402Kb
 bounds [0x00000128ad8d0000, 0x00000128adb40000, 0x00000128b4e00000]
CodeHeap 'profiled nmethods': size=120000Kb used=3105Kb max_used=3105Kb free=116894Kb
 bounds [0x00000128a5e00000, 0x00000128a6110000, 0x00000128ad330000]
CodeHeap 'non-nmethods': size=5760Kb used=1389Kb max_used=1402Kb free=4370Kb
 bounds [0x00000128ad330000, 0x00000128ad5a0000, 0x00000128ad8d0000]
 total_blobs=2255 nmethods=1768 adapters=391
 compilation: enabled
              stopped_count=0, restarted_count=0
 full_count=0

Compilation events (20 events):
Event: 3.897 Thread 0x00000128b9906040 nmethod 1715 0x00000128a60ed410 code [0x00000128a60ed5e0, 0x00000128a60edac8]
Event: 3.897 Thread 0x00000128b9906040 1716       3       java.util.stream.ReferencePipeline$2$1::begin (13 bytes)
Event: 3.897 Thread 0x00000128b9906040 nmethod 1716 0x00000128a60edc90 code [0x00000128a60ede40, 0x00000128a60ee028]
Event: 3.897 Thread 0x00000128b9906040 1721       1       org.springframework.core.env.PropertySource$StubPropertySource::getProperty (2 bytes)
Event: 3.897 Thread 0x00000128b9906040 nmethod 1721 0x00000128ad964310 code [0x00000128ad9644a0, 0x00000128ad964570]
Event: 3.898 Thread 0x00000128b9906040 1722       3       java.util.stream.SpinedBuffer::<init> (18 bytes)
Event: 3.899 Thread 0x00000128b9906040 nmethod 1722 0x00000128a60ee110 code [0x00000128a60ee2c0, 0x00000128a60ee588]
Event: 3.899 Thread 0x00000128b9906040 1723       3       java.util.stream.AbstractSpinedBuffer::<init> (10 bytes)
Event: 3.899 Thread 0x00000128b9906040 nmethod 1723 0x00000128a60ee690 code [0x00000128a60ee820, 0x00000128a60ee990]
Event: 3.899 Thread 0x00000128b9906040 1724       3       java.util.concurrent.atomic.AtomicBoolean::<init> (5 bytes)
Event: 3.899 Thread 0x00000128b9906040 nmethod 1724 0x00000128a60eea90 code [0x00000128a60eec20, 0x00000128a60eed88]
Event: 3.899 Thread 0x00000128b9906040 1725       3       java.util.Collections$EmptyMap::getOrDefault (2 bytes)
Event: 3.899 Thread 0x00000128b9906040 nmethod 1725 0x00000128a60eee90 code [0x00000128a60ef020, 0x00000128a60ef130]
Event: 3.899 Thread 0x00000128b9906040 1726       3       org.springframework.boot.context.properties.source.SoftReferenceConfigurationPropertyCache$ActiveCacheOverride::<init> (26 bytes)
Event: 3.900 Thread 0x00000128b9906040 nmethod 1726 0x00000128a60ef190 code [0x00000128a60ef340, 0x00000128a60ef670]
Event: 3.900 Thread 0x00000128b9906040 1727       3       org.springframework.boot.context.properties.source.SoftReferenceConfigurationPropertyCache$ActiveCacheOverride::close (21 bytes)
Event: 3.901 Thread 0x00000128b9906040 nmethod 1727 0x00000128a60ef790 code [0x00000128a60efa00, 0x00000128a60f0538]
Event: 3.901 Thread 0x00000128b9906040 1728       3       java.util.concurrent.atomic.AtomicBoolean::compareAndSet (26 bytes)
Event: 3.902 Thread 0x00000128b9906040 nmethod 1728 0x00000128a60f0890 code [0x00000128a60f0aa0, 0x00000128a60f11e0]
Event: 3.902 Thread 0x00000128b9906040 1729       3       java.lang.invoke.VarHandleGuards::guard_LII_Z (86 bytes)

GC Heap History (2 events):
Event: 3.032 GC heap before
{Heap before GC invocations=0 (full 0):
 garbage-first heap   total 98304K, used 24576K [0x00000000a1e00000, 0x0000000100000000)
  region size 1024K, 23 young (23552K), 0 survivors (0K)
 Metaspace       used 5613K, committed 5824K, reserved 1114112K
  class space    used 639K, committed 704K, reserved 1048576K
}
Event: 3.042 GC heap after
{Heap after GC invocations=1 (full 0):
 garbage-first heap   total 98304K, used 7168K [0x00000000a1e00000, 0x0000000100000000)
  region size 1024K, 3 young (3072K), 3 survivors (3072K)
 Metaspace       used 5613K, committed 5824K, reserved 1114112K
  class space    used 639K, committed 704K, reserved 1048576K
}

Dll operation events (11 events):
Event: 0.053 Loaded shared library C:\Program Files\Java\jdk-21\bin\java.dll
Event: 0.160 Loaded shared library C:\Program Files\Java\jdk-21\bin\jsvml.dll
Event: 0.712 Loaded shared library C:\Program Files\Java\jdk-21\bin\zip.dll
Event: 0.742 Loaded shared library C:\Program Files\Java\jdk-21\bin\instrument.dll
Event: 0.767 Loaded shared library C:\Program Files\Java\jdk-21\bin\net.dll
Event: 0.775 Loaded shared library C:\Program Files\Java\jdk-21\bin\nio.dll
Event: 0.794 Loaded shared library C:\Program Files\Java\jdk-21\bin\zip.dll
Event: 1.207 Loaded shared library C:\Program Files\Java\jdk-21\bin\extnet.dll
Event: 1.324 Loaded shared library C:\Program Files\Java\jdk-21\bin\jimage.dll
Event: 2.303 Loaded shared library C:\Program Files\Java\jdk-21\bin\management.dll
Event: 2.328 Loaded shared library C:\Program Files\Java\jdk-21\bin\management_ext.dll

Deoptimization events (20 events):
Event: 3.733 Thread 0x00000128ff344150 Uncommon trap: trap_request=0xffffff45 fr.pc=0x00000128ad92b738 relative=0x00000000000004f8
Event: 3.733 Thread 0x00000128ff344150 Uncommon trap: reason=unstable_if action=reinterpret pc=0x00000128ad92b738 method=java.lang.AbstractStringBuilder.isLatin1()Z @ 10 c2
Event: 3.733 Thread 0x00000128ff344150 DEOPT PACKING pc=0x00000128ad92b738 sp=0x0000001ee71fcc50
Event: 3.733 Thread 0x00000128ff344150 DEOPT UNPACKING pc=0x00000128ad3846a2 sp=0x0000001ee71fcae8 mode 2
Event: 3.733 Thread 0x00000128ff344150 Uncommon trap: trap_request=0xffffff45 fr.pc=0x00000128ad8e2fc8 relative=0x0000000000000048
Event: 3.733 Thread 0x00000128ff344150 Uncommon trap: reason=unstable_if action=reinterpret pc=0x00000128ad8e2fc8 method=java.lang.StringLatin1.canEncode(I)Z @ 4 c2
Event: 3.733 Thread 0x00000128ff344150 DEOPT PACKING pc=0x00000128ad8e2fc8 sp=0x0000001ee71fcab0
Event: 3.733 Thread 0x00000128ff344150 DEOPT UNPACKING pc=0x00000128ad3846a2 sp=0x0000001ee71fca40 mode 2
Event: 3.733 Thread 0x00000128ff344150 Uncommon trap: trap_request=0xffffff45 fr.pc=0x00000128ad920c84 relative=0x00000000000004c4
Event: 3.733 Thread 0x00000128ff344150 Uncommon trap: reason=unstable_if action=reinterpret pc=0x00000128ad920c84 method=java.lang.AbstractStringBuilder.isLatin1()Z @ 10 c2
Event: 3.733 Thread 0x00000128ff344150 DEOPT PACKING pc=0x00000128ad920c84 sp=0x0000001ee71fcbb0
Event: 3.733 Thread 0x00000128ff344150 DEOPT UNPACKING pc=0x00000128ad3846a2 sp=0x0000001ee71fcb00 mode 2
Event: 3.751 Thread 0x00000128ff344150 Uncommon trap: trap_request=0xffffff45 fr.pc=0x00000128ad911250 relative=0x00000000000000b0
Event: 3.751 Thread 0x00000128ff344150 Uncommon trap: reason=unstable_if action=reinterpret pc=0x00000128ad911250 method=java.util.HashMap.hash(Ljava/lang/Object;)I @ 1 c2
Event: 3.751 Thread 0x00000128ff344150 DEOPT PACKING pc=0x00000128ad911250 sp=0x0000001ee71fd9f0
Event: 3.751 Thread 0x00000128ff344150 DEOPT UNPACKING pc=0x00000128ad3846a2 sp=0x0000001ee71fd988 mode 2
Event: 3.854 Thread 0x00000128ff344150 Uncommon trap: trap_request=0xffffff45 fr.pc=0x00000128ad930ae8 relative=0x0000000000000228
Event: 3.854 Thread 0x00000128ff344150 Uncommon trap: reason=unstable_if action=reinterpret pc=0x00000128ad930ae8 method=java.lang.String.startsWith(Ljava/lang/String;I)Z @ 1 c2
Event: 3.854 Thread 0x00000128ff344150 DEOPT PACKING pc=0x00000128ad930ae8 sp=0x0000001ee71fde70
Event: 3.854 Thread 0x00000128ff344150 DEOPT UNPACKING pc=0x00000128ad3846a2 sp=0x0000001ee71fde00 mode 2

Classes loaded (20 events):
Event: 3.812 Loading class java/util/stream/MatchOps$1MatchSink
Event: 3.812 Loading class java/util/stream/MatchOps$1MatchSink done
Event: 3.816 Loading class java/lang/reflect/Executable$ParameterData
Event: 3.817 Loading class java/lang/reflect/Executable$ParameterData done
Event: 3.825 Loading class sun/reflect/generics/scope/ConstructorScope
Event: 3.825 Loading class sun/reflect/generics/scope/ConstructorScope done
Event: 3.825 Loading class sun/reflect/generics/repository/ConstructorRepository
Event: 3.825 Loading class sun/reflect/generics/repository/ConstructorRepository done
Event: 3.825 Loading class sun/reflect/generics/tree/VoidDescriptor
Event: 3.825 Loading class sun/reflect/generics/tree/VoidDescriptor done
Event: 3.825 Loading class sun/reflect/generics/tree/MethodTypeSignature
Event: 3.825 Loading class sun/reflect/generics/tree/MethodTypeSignature done
Event: 3.842 Loading class java/util/stream/StreamSpliterators$WrappingSpliterator
Event: 3.842 Loading class java/util/stream/StreamSpliterators$AbstractWrappingSpliterator
Event: 3.842 Loading class java/util/stream/StreamSpliterators$AbstractWrappingSpliterator done
Event: 3.842 Loading class java/util/stream/StreamSpliterators$WrappingSpliterator done
Event: 3.843 Loading class java/util/stream/StreamSpliterators
Event: 3.843 Loading class java/util/stream/StreamSpliterators done
Event: 3.843 Loading class java/util/function/BooleanSupplier
Event: 3.844 Loading class java/util/function/BooleanSupplier done

Classes unloaded (0 events):
No events

Classes redefined (0 events):
No events

Internal exceptions (20 events):
Event: 3.751 Thread 0x00000128ff344150 Implicit null exception at 0x00000128ad9111bd to 0x00000128ad911241
Event: 3.767 Thread 0x00000128ff344150 Exception <a 'java/lang/NoSuchMethodError'{0x00000000a74b55e8}: 'void java.lang.invoke.DirectMethodHandle$Holder.invokeSpecial(java.lang.Object, java.lang.Object, java.lang.Object, java.lang.Object, java.lang.Object, java.lang.Object)'> (0x00000000a74b55e8) 
thrown [s\open\src\hotspot\share\interpreter\linkResolver.cpp, line 773]
Event: 3.775 Thread 0x00000128ff344150 Exception <a 'java/lang/NoSuchMethodError'{0x00000000a74d95e0}: 'java.lang.Object java.lang.invoke.DirectMethodHandle$Holder.invokeStaticInit(java.lang.Object, java.lang.Object, java.lang.Object, java.lang.Object, java.lang.Object, java.lang.Object, java.lang.Object)'> (0x00000000a74d95e0) 
thrown [s\open\src\hotspot\share\interpreter\linkResolver.cpp, line 773]
Event: 3.778 Thread 0x00000128ff344150 Exception <a 'java/lang/NoSuchMethodError'{0x00000000a74e1eb0}: 'java.lang.Object java.lang.invoke.Invokers$Holder.invoke_MT(java.lang.Object, java.lang.Object, java.lang.Object, java.lang.Object, java.lang.Object, java.lang.Object, java.lang.Object, java.lang.Object, java.lang.Object, java.lang.Object)'> (0x00000000a74e1eb0) 
thrown [s\open\src\hotspot\share\interpreter\linkResolver.cpp, line 773]
Event: 3.782 Thread 0x00000128ff344150 Exception <a 'java/lang/NoSuchMethodError'{0x00000000a74e7b10}: 'java.lang.Object java.lang.invoke.DirectMethodHandle$Holder.invokeStatic(java.lang.Object, java.lang.Object, int)'> (0x00000000a74e7b10) 
thrown [s\open\src\hotspot\share\interpreter\linkResolver.cpp, line 773]
Event: 3.785 Thread 0x00000128ff344150 Exception <a 'java/lang/NoSuchMethodError'{0x00000000a74fa080}: 'void java.lang.invoke.DelegatingMethodHandle$Holder.delegate(java.lang.Object, java.lang.Object, int, java.lang.Object)'> (0x00000000a74fa080) 
thrown [s\open\src\hotspot\share\interpreter\linkResolver.cpp, line 773]
Event: 3.792 Thread 0x00000128ff344150 Exception <a 'java/lang/NoSuchMethodError'{0x00000000a73189c0}: 'int java.lang.invoke.DirectMethodHandle$Holder.invokeVirtual(java.lang.Object, java.lang.Object, java.lang.Object)'> (0x00000000a73189c0) 
thrown [s\open\src\hotspot\share\interpreter\linkResolver.cpp, line 773]
Event: 3.793 Thread 0x00000128ff344150 Exception <a 'java/lang/NoSuchMethodError'{0x00000000a731c2d0}: 'int java.lang.invoke.DirectMethodHandle$Holder.invokeVirtual(java.lang.Object, java.lang.Object)'> (0x00000000a731c2d0) 
thrown [s\open\src\hotspot\share\interpreter\linkResolver.cpp, line 773]
Event: 3.793 Thread 0x00000128ff344150 Exception <a 'java/lang/NoSuchMethodError'{0x00000000a73204c0}: 'int java.lang.invoke.DirectMethodHandle$Holder.invokeStaticInit(java.lang.Object, int, int)'> (0x00000000a73204c0) 
thrown [s\open\src\hotspot\share\interpreter\linkResolver.cpp, line 773]
Event: 3.795 Thread 0x00000128ff344150 Exception <a 'java/lang/NoSuchMethodError'{0x00000000a7327b50}: 'int java.lang.invoke.DirectMethodHandle$Holder.invokeStaticInit(java.lang.Object, long, long)'> (0x00000000a7327b50) 
thrown [s\open\src\hotspot\share\interpreter\linkResolver.cpp, line 773]
Event: 3.796 Thread 0x00000128ff344150 Exception <a 'java/lang/NoSuchMethodError'{0x00000000a732e738}: 'int java.lang.invoke.DirectMethodHandle$Holder.invokeStaticInit(java.lang.Object, float, float)'> (0x00000000a732e738) 
thrown [s\open\src\hotspot\share\interpreter\linkResolver.cpp, line 773]
Event: 3.798 Thread 0x00000128ff344150 Exception <a 'java/lang/NoSuchMethodError'{0x00000000a7335318}: 'int java.lang.invoke.DirectMethodHandle$Holder.invokeStaticInit(java.lang.Object, double, double)'> (0x00000000a7335318) 
thrown [s\open\src\hotspot\share\interpreter\linkResolver.cpp, line 773]
Event: 3.799 Thread 0x00000128ff344150 Exception <a 'java/lang/NoSuchMethodError'{0x00000000a7339940}: 'int java.lang.invoke.DirectMethodHandle$Holder.invokeStatic(java.lang.Object, long)'> (0x00000000a7339940) 
thrown [s\open\src\hotspot\share\interpreter\linkResolver.cpp, line 773]
Event: 3.806 Thread 0x00000128ff344150 Exception <a 'java/lang/NoSuchMethodError'{0x00000000a735b428}: 'int java.lang.invoke.Invokers$Holder.linkToTargetMethod(java.lang.Object, java.lang.Object)'> (0x00000000a735b428) 
thrown [s\open\src\hotspot\share\interpreter\linkResolver.cpp, line 773]
Event: 3.835 Thread 0x00000128ff344150 Exception <a 'java/lang/NoSuchMethodError'{0x00000000a73d4bf8}: 'java.lang.Object java.lang.invoke.DirectMethodHandle$Holder.invokeSpecial(java.lang.Object, java.lang.Object, java.lang.Object, int, java.lang.Object)'> (0x00000000a73d4bf8) 
thrown [s\open\src\hotspot\share\interpreter\linkResolver.cpp, line 773]
Event: 3.836 Thread 0x00000128ff344150 Exception <a 'java/lang/NoSuchMethodError'{0x00000000a73dc410}: 'java.lang.Object java.lang.invoke.DirectMethodHandle$Holder.newInvokeSpecial(java.lang.Object, java.lang.Object, java.lang.Object, int, java.lang.Object)'> (0x00000000a73dc410) 
thrown [s\open\src\hotspot\share\interpreter\linkResolver.cpp, line 773]
Event: 3.837 Thread 0x00000128ff344150 Exception <a 'java/lang/NoSuchMethodError'{0x00000000a73e38e8}: 'java.lang.Object java.lang.invoke.Invokers$Holder.linkToTargetMethod(java.lang.Object, java.lang.Object, int, java.lang.Object, java.lang.Object)'> (0x00000000a73e38e8) 
thrown [s\open\src\hotspot\share\interpreter\linkResolver.cpp, line 773]
Event: 3.839 Thread 0x00000128ff344150 Exception <a 'java/lang/NoSuchMethodError'{0x00000000a73f2910}: 'java.lang.Object java.lang.invoke.DirectMethodHandle$Holder.newInvokeSpecial(java.lang.Object, int, java.lang.Object)'> (0x00000000a73f2910) 
thrown [s\open\src\hotspot\share\interpreter\linkResolver.cpp, line 773]
Event: 3.840 Thread 0x00000128ff344150 Exception <a 'java/lang/NoSuchMethodError'{0x00000000a73f70c0}: 'int java.lang.invoke.DirectMethodHandle$Holder.invokeSpecialIFC(java.lang.Object, java.lang.Object, java.lang.Object, java.lang.Object)'> (0x00000000a73f70c0) 
thrown [s\open\src\hotspot\share\interpreter\linkResolver.cpp, line 773]
Event: 3.890 Thread 0x00000128ff344150 Exception <a 'java/lang/NoSuchMethodError'{0x00000000a72e3320}: 'void java.lang.invoke.DirectMethodHandle$Holder.invokeInterface(java.lang.Object, java.lang.Object, java.lang.Object)'> (0x00000000a72e3320) 
thrown [s\open\src\hotspot\share\interpreter\linkResolver.cpp, line 773]

ZGC Phase Switch (0 events):
No events

VM Operations (20 events):
Event: 1.235 Executing VM operation: HandshakeAllThreads (Deoptimize)
Event: 1.235 Executing VM operation: HandshakeAllThreads (Deoptimize) done
Event: 1.341 Executing VM operation: HandshakeAllThreads (Deoptimize)
Event: 1.341 Executing VM operation: HandshakeAllThreads (Deoptimize) done
Event: 2.149 Executing VM operation: HandshakeAllThreads (Deoptimize)
Event: 2.149 Executing VM operation: HandshakeAllThreads (Deoptimize) done
Event: 2.150 Executing VM operation: HandshakeAllThreads (Deoptimize)
Event: 2.150 Executing VM operation: HandshakeAllThreads (Deoptimize) done
Event: 2.284 Executing VM operation: HandshakeAllThreads (Deoptimize)
Event: 2.284 Executing VM operation: HandshakeAllThreads (Deoptimize) done
Event: 2.284 Executing VM operation: Cleanup
Event: 2.284 Executing VM operation: Cleanup done
Event: 2.948 Executing VM operation: HandshakeAllThreads (Deoptimize)
Event: 2.948 Executing VM operation: HandshakeAllThreads (Deoptimize) done
Event: 3.031 Executing VM operation: G1CollectForAllocation (G1 Evacuation Pause)
Event: 3.042 Executing VM operation: G1CollectForAllocation (G1 Evacuation Pause) done
Event: 3.781 Executing VM operation: HandshakeAllThreads (Deoptimize)
Event: 3.781 Executing VM operation: HandshakeAllThreads (Deoptimize) done
Event: 3.870 Executing VM operation: HandshakeAllThreads (Deoptimize)
Event: 3.871 Executing VM operation: HandshakeAllThreads (Deoptimize) done

Events (14 events):
Event: 0.102 Thread 0x000001289d988b70 Thread added: 0x000001289d988b70
Event: 0.154 Thread 0x00000128b98fbb20 Thread added: 0x00000128b98fbb20
Event: 0.154 Thread 0x00000128b98fe580 Thread added: 0x00000128b98fe580
Event: 0.155 Thread 0x00000128b9900190 Thread added: 0x00000128b9900190
Event: 0.155 Thread 0x00000128b9900be0 Thread added: 0x00000128b9900be0
Event: 0.155 Thread 0x00000128b9901630 Thread added: 0x00000128b9901630
Event: 0.155 Thread 0x00000128b9904090 Thread added: 0x00000128b9904090
Event: 0.155 Thread 0x00000128b9904e10 Thread added: 0x00000128b9904e10
Event: 0.156 Thread 0x00000128b9906040 Thread added: 0x00000128b9906040
Event: 0.568 Thread 0x00000128b98d1100 Thread added: 0x00000128b98d1100
Event: 1.189 Thread 0x00000128b9e4d2b0 Thread added: 0x00000128b9e4d2b0
Event: 1.189 Thread 0x00000128b9e4d910 Thread added: 0x00000128b9e4d910
Event: 2.562 Thread 0x00000128ff64c2b0 Thread added: 0x00000128ff64c2b0
Event: 2.592 Thread 0x00000128ff344150 Thread added: 0x00000128ff344150


Dynamic libraries:
0x00007ff69fda0000 - 0x00007ff69fdb0000 	C:\Program Files\Java\jdk-21\bin\java.exe
0x00007ffc4a7d0000 - 0x00007ffc4a9c8000 	C:\Windows\SYSTEM32\ntdll.dll
0x00007ffc4a580000 - 0x00007ffc4a642000 	C:\Windows\System32\KERNEL32.DLL
0x00007ffc48440000 - 0x00007ffc48736000 	C:\Windows\System32\KERNELBASE.dll
0x00007ffc41df0000 - 0x00007ffc41e84000 	C:\Windows\SYSTEM32\apphelp.dll
0x00007ffc48190000 - 0x00007ffc48290000 	C:\Windows\System32\ucrtbase.dll
0x00007ffc38920000 - 0x00007ffc38939000 	C:\Program Files\Java\jdk-21\bin\jli.dll
0x00007ffc300f0000 - 0x00007ffc3010b000 	C:\Program Files\Java\jdk-21\bin\VCRUNTIME140.dll
0x00007ffc4a320000 - 0x00007ffc4a3cf000 	C:\Windows\System32\ADVAPI32.dll
0x00007ffc4a3d0000 - 0x00007ffc4a46e000 	C:\Windows\System32\msvcrt.dll
0x00007ffc4a6e0000 - 0x00007ffc4a77f000 	C:\Windows\System32\sechost.dll
0x00007ffc49c00000 - 0x00007ffc49d23000 	C:\Windows\System32\RPCRT4.dll
0x00007ffc487d0000 - 0x00007ffc487f7000 	C:\Windows\System32\bcrypt.dll
0x00007ffc48f90000 - 0x00007ffc4912d000 	C:\Windows\System32\USER32.dll
0x00007ffc2bd10000 - 0x00007ffc2bfaa000 	C:\Windows\WinSxS\amd64_microsoft.windows.common-controls_6595b64144ccf1df_6.0.19041.5794_none_60bcd33171f2783c\COMCTL32.dll
0x00007ffc48160000 - 0x00007ffc48182000 	C:\Windows\System32\win32u.dll
0x00007ffc4a470000 - 0x00007ffc4a49b000 	C:\Windows\System32\GDI32.dll
0x00007ffc47f20000 - 0x00007ffc4803a000 	C:\Windows\System32\gdi32full.dll
0x00007ffc480c0000 - 0x00007ffc4815d000 	C:\Windows\System32\msvcp_win.dll
0x00007ffc41320000 - 0x00007ffc4132a000 	C:\Windows\SYSTEM32\VERSION.dll
0x00007ffc4a1d0000 - 0x00007ffc4a1ff000 	C:\Windows\System32\IMM32.DLL
0x00007ffc3d9c0000 - 0x00007ffc3d9cc000 	C:\Program Files\Java\jdk-21\bin\vcruntime140_1.dll
0x00007ffc12bb0000 - 0x00007ffc12c3e000 	C:\Program Files\Java\jdk-21\bin\msvcp140.dll
0x00007ffbd88f0000 - 0x00007ffbd9608000 	C:\Program Files\Java\jdk-21\bin\server\jvm.dll
0x00007ffc4a2b0000 - 0x00007ffc4a31b000 	C:\Windows\System32\WS2_32.dll
0x00007ffc47400000 - 0x00007ffc4744b000 	C:\Windows\SYSTEM32\POWRPROF.dll
0x00007ffc3c450000 - 0x00007ffc3c477000 	C:\Windows\SYSTEM32\WINMM.dll
0x00007ffc47250000 - 0x00007ffc47262000 	C:\Windows\SYSTEM32\UMPDC.dll
0x00007ffc45cb0000 - 0x00007ffc45cc2000 	C:\Windows\SYSTEM32\kernel.appcore.dll
0x00007ffc38840000 - 0x00007ffc3884a000 	C:\Program Files\Java\jdk-21\bin\jimage.dll
0x00007ffc39d20000 - 0x00007ffc39f21000 	C:\Windows\SYSTEM32\DBGHELP.DLL
0x00007ffc39ce0000 - 0x00007ffc39d14000 	C:\Windows\SYSTEM32\dbgcore.DLL
0x00007ffc48740000 - 0x00007ffc487c2000 	C:\Windows\System32\bcryptPrimitives.dll
0x00007ffc31aa0000 - 0x00007ffc31aaf000 	C:\Program Files\Java\jdk-21\bin\instrument.dll
0x00007ffc2f250000 - 0x00007ffc2f26f000 	C:\Program Files\Java\jdk-21\bin\java.dll
0x00007ffc49130000 - 0x00007ffc4989e000 	C:\Windows\System32\SHELL32.dll
0x00007ffc45eb0000 - 0x00007ffc46653000 	C:\Windows\SYSTEM32\windows.storage.dll
0x00007ffc498a0000 - 0x00007ffc49bf3000 	C:\Windows\System32\combase.dll
0x00007ffc478a0000 - 0x00007ffc478cb000 	C:\Windows\SYSTEM32\Wldp.dll
0x00007ffc4a020000 - 0x00007ffc4a0ed000 	C:\Windows\System32\OLEAUT32.dll
0x00007ffc48e50000 - 0x00007ffc48efd000 	C:\Windows\System32\SHCORE.dll
0x00007ffc4a500000 - 0x00007ffc4a555000 	C:\Windows\System32\shlwapi.dll
0x00007ffc47da0000 - 0x00007ffc47dc5000 	C:\Windows\SYSTEM32\profapi.dll
0x00007ffc0ff20000 - 0x00007ffc0fff7000 	C:\Program Files\Java\jdk-21\bin\jsvml.dll
0x00007ffc2cfe0000 - 0x00007ffc2cff8000 	C:\Program Files\Java\jdk-21\bin\zip.dll
0x00007ffc31a60000 - 0x00007ffc31a70000 	C:\Program Files\Java\jdk-21\bin\net.dll
0x00007ffc3efd0000 - 0x00007ffc3f0da000 	C:\Windows\SYSTEM32\WINHTTP.dll
0x00007ffc47600000 - 0x00007ffc4766c000 	C:\Windows\system32\mswsock.dll
0x00007ffc2c5b0000 - 0x00007ffc2c5c6000 	C:\Program Files\Java\jdk-21\bin\nio.dll
0x00007ffc31910000 - 0x00007ffc31919000 	C:\Program Files\Java\jdk-21\bin\extnet.dll
0x00007ffc310c0000 - 0x00007ffc310ca000 	C:\Program Files\Java\jdk-21\bin\management.dll
0x00007ffc2eaa0000 - 0x00007ffc2eaab000 	C:\Program Files\Java\jdk-21\bin\management_ext.dll
0x00007ffc4a650000 - 0x00007ffc4a658000 	C:\Windows\System32\PSAPI.DLL

dbghelp: loaded successfully - version: 4.0.5 - missing functions: none
symbol engine: initialized successfully - sym options: 0x614 - pdb path: .;C:\Program Files\Java\jdk-21\bin;C:\Windows\SYSTEM32;C:\Windows\WinSxS\amd64_microsoft.windows.common-controls_6595b64144ccf1df_6.0.19041.5794_none_60bcd33171f2783c;C:\Program Files\Java\jdk-21\bin\server

VM Arguments:
jvm_args: -javaagent:C:\Program Files\JetBrains\IntelliJ IDEA Community Edition 2025.1.2\lib\idea_rt.jar=58028 -Dfile.encoding=UTF-8 -Dsun.stdout.encoding=UTF-8 -Dsun.stderr.encoding=UTF-8 
java_command: com.ZAP_Backend.ZapServices.ZapServicesApplication
java_class_path (initial): F:\ZAAP\Backend\ZapServices\target\classes;C:\Users\ADMIN\.m2\repository\org\springframework\boot\spring-boot-starter-web\3.5.0\spring-boot-starter-web-3.5.0.jar;C:\Users\ADMIN\.m2\repository\org\springframework\boot\spring-boot-starter\3.5.0\spring-boot-starter-3.5.0.jar;C:\Users\ADMIN\.m2\repository\org\springframework\boot\spring-boot-starter-logging\3.5.0\spring-boot-starter-logging-3.5.0.jar;C:\Users\ADMIN\.m2\repository\ch\qos\logback\logback-classic\1.5.18\logback-classic-1.5.18.jar;C:\Users\ADMIN\.m2\repository\ch\qos\logback\logback-core\1.5.18\logback-core-1.5.18.jar;C:\Users\ADMIN\.m2\repository\org\apache\logging\log4j\log4j-to-slf4j\2.24.3\log4j-to-slf4j-2.24.3.jar;C:\Users\ADMIN\.m2\repository\org\apache\logging\log4j\log4j-api\2.24.3\log4j-api-2.24.3.jar;C:\Users\ADMIN\.m2\repository\org\slf4j\jul-to-slf4j\2.0.17\jul-to-slf4j-2.0.17.jar;C:\Users\ADMIN\.m2\repository\jakarta\annotation\jakarta.annotation-api\2.1.1\jakarta.annotation-api-2.1.1.jar;C:\Users\ADMIN\.m2\repository\org\yaml\snakeyaml\2.4\snakeyaml-2.4.jar;C:\Users\ADMIN\.m2\repository\org\springframework\boot\spring-boot-starter-json\3.5.0\spring-boot-starter-json-3.5.0.jar;C:\Users\ADMIN\.m2\repository\com\fasterxml\jackson\core\jackson-databind\2.19.0\jackson-databind-2.19.0.jar;C:\Users\ADMIN\.m2\repository\com\fasterxml\jackson\core\jackson-annotations\2.19.0\jackson-annotations-2.19.0.jar;C:\Users\ADMIN\.m2\repository\com\fasterxml\jackson\core\jackson-core\2.19.0\jackson-core-2.19.0.jar;C:\Users\ADMIN\.m2\repository\com\fasterxml\jackson\datatype\jackson-datatype-jdk8\2.19.0\jackson-datatype-jdk8-2.19.0.jar;C:\Users\ADMIN\.m2\repository\com\fasterxml\jackson\datatype\jackson-datatype-jsr310\2.19.0\jackson-datatype-jsr310-2.19.0.jar;C:\Users\ADMIN\.m2\repository\com\fasterxml\jackson\module\jackson-module-parameter-names\2.19.0\jackson-module-parameter-names-2.19.0.jar;C:\Users\ADMIN\.m2\repository\org\springframework\boot\spring-boot-starter-tomcat\3.5.0\spring-boot-starter-tomcat-3.5.0.jar;C:\Users\ADMIN\.m2\repository\org\apache\tomcat\embed\tomcat-embed-core\10.1.41\tomcat-embed-core-10.1.41.jar;C:\Users\ADMIN\.m2\repository\org\apache\tomcat\embed\tomcat-embed-el\10.1.41\tomcat-embed-el-10.1.41.jar;C:\Users\ADMIN\.m2\repository\org\apache\tomcat\embed\tomcat-embed-websocket\10.1.41\tomcat-embed-websocket-10.1.41.jar;C:\Users\ADMIN\.m2\repository\org\springframework\spring-web\6.2.7\spring-web-6.2.7.jar;C:\Users\ADMIN\.m2\repository\org\springframework\spring-beans\6.2.7\spring-beans-6.2.7.jar;C:\Users\ADMIN\.m2\repository\io\micrometer\micrometer-observation\1.15.0\micrometer-observation-1.15.0.jar;C:\Users\ADMIN\.m2\repository\io\micrometer\micrometer-commons\1.15.0\micrometer-commons-1.15.0.jar;C:\Users\ADMIN\.m2\repository\org\springframework\spring-webmvc\6.2.7\spring-webmvc-6.2.7.jar;C:\Users\ADMIN\.m2\repository\org\springframework\spring-aop\6.2.7\spring-aop-6.2.7.jar;C:\Users\ADMIN\.m2\repository\org\springframework\spring-context\6.2.7\spring-context-6.2.7.jar;C:\Users\ADMIN\.m2\repository\org\springframework\spring-expression\6.2.7\spring-expression-6.2.7.jar;C:\Users\ADMIN\.m2\repository\com\mysql\mysql-connector-j\9.2.0\mysql-connector-j-9.2.0.jar;C:\Users\ADMIN\.m2\repository\org\springframework\boot\spring-boot-devtools\3.5.0\spring-boot-devtools-3.5.0.jar;C:\Users\ADMIN\.m2\repository\org\springframework\boot\spring-boot\3.5.0\spring-boot-3.5.0.jar;C:\Users\ADMIN\.m2\repository\org\springframework\boot\spring-boot-autoconfigure\3.5.0\spring-boot-autoconfigure-3.5.0.jar;C:\Users\ADMIN\.m2\repository\org\springframework\boot\spring-boot-starter-data-jpa\3.5.0\spring-boot-starter-data-jpa-3.5.0.jar;C:\Users\ADMIN\.m2\repository\org\springframework\boot\spring-boot-starter-jdbc\3.5.0\spring-boot-starter-jdbc-3.5.0.jar;C:\Users\ADMIN\.m2\repository\com\zaxxer\HikariCP\6.3.0\HikariCP-6.3.0.jar;C:\Users\ADMIN\.m2\repository\org\springframework\spring-jdbc\6.2.7\spring-jdbc-6.2.7.jar;C:\Users\ADMIN\.m2\repository\org\hibernate\orm\hibernate-core\6.6.15.Final\hibernate-core-6.6.15.Final.jar;C:\Users\ADMIN\.m2\repository\jakarta\persistence\jakarta.persistence-api\3.1.0\jakarta.persistence-api-3.1.0.jar;C:\Users\ADMIN\.m2\repository\jakarta\transaction\jakarta.transaction-api\2.0.1\jakarta.transaction-api-2.0.1.jar;C:\Users\ADMIN\.m2\repository\org\jboss\logging\jboss-logging\3.6.1.Final\jboss-logging-3.6.1.Final.jar;C:\Users\ADMIN\.m2\repository\org\hibernate\common\hibernate-commons-annotations\7.0.3.Final\hibernate-commons-annotations-7.0.3.Final.jar;C:\Users\ADMIN\.m2\repository\io\smallrye\jandex\3.2.0\jandex-3.2.0.jar;C:\Users\ADMIN\.m2\repository\com\fasterxml\classmate\1.7.0\classmate-1.7.0.jar;C:\Users\ADMIN\.m2\repository\net\bytebuddy\byte-buddy\1.17.5\byte-buddy-1.17.5.jar;C:\Users\ADMIN\.m2\repository\org\glassfish\jaxb\jaxb-runtime\4.0.5\jaxb-runtime-4.0.5.jar;C:\Users\ADMIN\.m2\repository\org\glassfish\jaxb\jaxb-core\4.0.5\jaxb-core-4.0.5.jar;C:\Users\ADMIN\.m2\repository\org\eclipse\angus\angus-activation\2.0.2\angus-activation-2.0.2.jar;C:\Users\ADMIN\.m2\repository\org\glassfish\jaxb\txw2\4.0.5\txw2-4.0.5.jar;C:\Users\ADMIN\.m2\repository\com\sun\istack\istack-commons-runtime\4.1.2\istack-commons-runtime-4.1.2.jar;C:\Users\ADMIN\.m2\repository\jakarta\inject\jakarta.inject-api\2.0.1\jakarta.inject-api-2.0.1.jar;C:\Users\ADMIN\.m2\repository\org\antlr\antlr4-runtime\4.13.0\antlr4-runtime-4.13.0.jar;C:\Users\ADMIN\.m2\repository\org\springframework\data\spring-data-jpa\3.5.0\spring-data-jpa-3.5.0.jar;C:\Users\ADMIN\.m2\repository\org\springframework\data\spring-data-commons\3.5.0\spring-data-commons-3.5.0.jar;C:\Users\ADMIN\.m2\repository\org\springframework\spring-orm\6.2.7\spring-orm-6.2.7.jar;C:\Users\ADMIN\.m2\repository\org\springframework\spring-tx\6.2.7\spring-tx-6.2.7.jar;C:\Users\ADMIN\.m2\repository\org\slf4j\slf4j-api\2.0.17\slf4j-api-2.0.17.jar;C:\Users\ADMIN\.m2\repository\org\springframework\spring-aspects\6.2.7\spring-aspects-6.2.7.jar;C:\Users\ADMIN\.m2\repository\org\aspectj\aspectjweaver\1.9.24\aspectjweaver-1.9.24.jar;C:\Users\ADMIN\.m2\repository\jakarta\xml\bind\jakarta.xml.bind-api\4.0.2\jakarta.xml.bind-api-4.0.2.jar;C:\Users\ADMIN\.m2\repository\jakarta\activation\jakarta.activation-api\2.1.3\jakarta.activation-api-2.1.3.jar;C:\Users\ADMIN\.m2\repository\org\springframework\spring-core\6.2.7\spring-core-6.2.7.jar;C:\Users\ADMIN\.m2\repository\org\springframework\spring-jcl\6.2.7\spring-jcl-6.2.7.jar
Launcher Type: SUN_STANDARD

[Global flags]
     intx CICompilerCount                          = 4                                         {product} {ergonomic}
     uint ConcGCThreads                            = 2                                         {product} {ergonomic}
     uint G1ConcRefinementThreads                  = 8                                         {product} {ergonomic}
   size_t G1HeapRegionSize                         = 1048576                                   {product} {ergonomic}
    uintx GCDrainStackTargetSize                   = 64                                        {product} {ergonomic}
   size_t InitialHeapSize                          = 100663296                                 {product} {ergonomic}
   size_t MarkStackSize                            = 4194304                                   {product} {ergonomic}
   size_t MaxHeapSize                              = 1579155456                                {product} {ergonomic}
   size_t MaxNewSize                               = 946864128                                 {product} {ergonomic}
   size_t MinHeapDeltaBytes                        = 1048576                                   {product} {ergonomic}
   size_t MinHeapSize                              = 8388608                                   {product} {ergonomic}
    uintx NonNMethodCodeHeapSize                   = 5839372                                {pd product} {ergonomic}
    uintx NonProfiledCodeHeapSize                  = 122909434                              {pd product} {ergonomic}
    uintx ProfiledCodeHeapSize                     = 122909434                              {pd product} {ergonomic}
    uintx ReservedCodeCacheSize                    = 251658240                              {pd product} {ergonomic}
     bool SegmentedCodeCache                       = true                                      {product} {ergonomic}
   size_t SoftMaxHeapSize                          = 1579155456                             {manageable} {ergonomic}
     bool UseCompressedOops                        = true                           {product lp64_product} {ergonomic}
     bool UseG1GC                                  = true                                      {product} {ergonomic}
     bool UseLargePagesIndividualAllocation        = false                                  {pd product} {ergonomic}

Logging:
Log output configuration:
 #0: stdout all=warning uptime,level,tags foldmultilines=false
 #1: stderr all=off uptime,level,tags foldmultilines=false

Environment Variables:
JAVA_HOME=C:\Program Files\OpenLogic\jdk-17.0.13.11-hotspot\
PATH=C:\Program Files\OpenLogic\jdk-17.0.13.11-hotspot\bin;C:\Program Files\Microsoft\jdk-17.0.13.11-hotspot\bin;C:\Program Files\Common Files\Oracle\Java\javapath;C:\Windows\system32;C:\Windows;C:\Windows\System32\Wbem;C:\Windows\System32\WindowsPowerShell\v1.0\;C:\Windows\System32\OpenSSH\;C:\Program Files\MySQL\MySQL Server 8.0\bin;C:\Program Files\Java\jdk-21\bin;C:\Program Files\apache-maven-3.9.9\bin;C:\Program Files\MongoDB\Server\8.0\bin;C:\Program Files\Git\cmd;C:\ProgramData\chocolatey\bin;C:\Users\ADMIN\AppData\Local\Android\Sdk\build-tools;C:\Users\ADMIN\AppData\Local\Android\Sdk\platform-tools;C:\Users\ADMIN\AppData\Local\Android\Sdk\emulator;C:\Users\ADMIN\AppData\Local\Android\Sdk\platforms;C:\Program Files\Java\jdk-17\bin;C:\Program Files\nodejs\;E:\DevOp\My-Consul\consul_1.20.2_windows_amd64;C:\Program Files (x86)\Microsoft SQL Server\160\Tools\Binn\;C:\Program Files\Microsoft SQL Server\160\Tools\Binn\;C:\Program Files\Microsoft SQL Server\Client SDK\ODBC\170\Tools\Binn\;C:\Program Files\Microsoft SQL Server\160\DTS\Binn\;C:\Program Files (x86)\Windows Kits\8.1\Windows Performance Toolkit\;C:\Program Files\Docker\Docker\resources\bin;C:\Users\ADMIN\AppData\Local\Programs\Python\Python313\Scripts\;C:\Users\ADMIN\AppData\Local\Programs\Python\Python313\;C:\Program Files\MySQL\MySQL Shell 8.0\bin\;C:\Users\ADMIN\AppData\Local\Microsoft\WindowsApps;C:\Users\ADMIN\AppData\Local\Programs\Microsoft VS Code\bin;C:\Program Files\JetBrains\IntelliJ IDEA Community Edition 2024.3.1\bin;;C:\Program Files\mongosh\;C:\Users\ADMIN\AppData\Local\Android\Sdk\platform-tools;C:\Users\ADMIN\AppData\Local\Android\Sdk\emulator;C:\Users\ADMIN\AppData\Local\Android\Sdk\build-tools;C:\Users\ADMIN\AppData\Local\Android\Sdk\platforms;C:\Users\ADMIN\AppData\Roaming\npm;C:\Program Files\JetBrains\PyCharm 2025.1.1.1\bin;;C:\Program Files\JetBrains\PyCharm Community Edition 2025.1\bin;;E:\flutter_windows_3.32.2-stable\flutter\bin;
USERNAME=ADMIN
OS=Windows_NT
PROCESSOR_IDENTIFIER=AMD64 Family 23 Model 24 Stepping 1, AuthenticAMD
TMP=C:\Users\ADMIN\AppData\Local\Temp
TEMP=C:\Users\ADMIN\AppData\Local\Temp




Periodic native trim disabled

---------------  S Y S T E M  ---------------

OS:
 Windows 10 , 64 bit Build 19041 (10.0.19041.5794)
OS uptime: 33 days 16:43 hours
Hyper-V role detected

CPU: total 8 (initial active 8) (8 cores per cpu, 2 threads per core) family 23 model 24 stepping 1 microcode 0x0, cx8, cmov, fxsr, ht, mmx, 3dnowpref, sse, sse2, sse3, ssse3, sse4a, sse4.1, sse4.2, popcnt, lzcnt, tsc, tscinvbit, avx, avx2, aes, clmul, bmi1, bmi2, adx, sha, fma, vzeroupper, clflush, clflushopt, hv, rdtscp, f16c
Processor Information for all 8 processors :
  Max Mhz: 2100, Current Mhz: 2100, Mhz Limit: 2100

Memory: 4k page, system-wide physical 6021M (285M free)
TotalPageFile size 24453M (AvailPageFile size 0M)
current process WorkingSet (physical memory assigned to process): 90M, peak: 90M
current process commit charge ("private bytes"): 198M, peak: 199M

vm_info: Java HotSpot(TM) 64-Bit Server VM (21.0.5+9-LTS-239) for windows-amd64 JRE (21.0.5+9-LTS-239), built on 2024-09-30T05:17:38Z by "mach5one" with MS VC++ 17.6 (VS2022)

END.
